\\mac\home\documents\fh\lehre\ws21-22\programmieren\beispiele\kap06\zeiger\debug\01-zeiger-addition.ilk
\\mac\home\documents\fh\lehre\ws21-22\programmieren\beispiele\kap06\debug\01-zeiger-addition.exe
\\mac\home\documents\fh\lehre\ws21-22\programmieren\beispiele\kap06\debug\01-zeiger-addition.pdb
\\mac\home\documents\fh\lehre\ws22-23\programmieren\beispiele\kap06\zeiger\debug\01-zeiger-addition.ilk
\\mac\home\documents\fh\lehre\ws22-23\programmieren\beispiele\kap06\debug\01-zeiger-addition.exe
\\mac\home\documents\fh\lehre\ws22-23\programmieren\beispiele\kap06\debug\01-zeiger-addition.pdb
\\mac\home\documents\fh\lehre\ws21-22\programmieren\beispiele\kap06\zeiger\debug\vc142.pdb
\\mac\home\documents\fh\lehre\ws21-22\programmieren\beispiele\kap06\zeiger\debug\vc142.idb
\\mac\home\documents\fh\lehre\ws21-22\programmieren\beispiele\kap06\zeiger\debug\ptr_add.obj
\\mac\home\documents\fh\lehre\ws22-23\programmieren\beispiele\kap06\zeiger\debug\vc143.pdb
\\mac\home\documents\fh\lehre\ws22-23\programmieren\beispiele\kap06\zeiger\debug\vc143.idb
\\mac\home\documents\fh\lehre\ws22-23\programmieren\beispiele\kap06\zeiger\debug\ptr_add.obj
\\mac\home\documents\fh\lehre\ws22-23\programmieren\beispiele\kap06\zeiger\debug\vc142.idb
\\mac\home\documents\fh\lehre\ws22-23\programmieren\beispiele\kap06\zeiger\debug\vc142.pdb
\\mac\home\documents\fh\lehre\ws22-23\programmieren\beispiele\kap06\zeiger\debug\01-zeige.da1faa04.tlog\link.read.1.tlog
\\mac\home\documents\fh\lehre\ws22-23\programmieren\beispiele\kap06\zeiger\debug\01-zeige.da1faa04.tlog\link.command.1.tlog
\\mac\home\documents\fh\lehre\ws22-23\programmieren\beispiele\kap06\zeiger\debug\01-zeige.da1faa04.tlog\link.write.1.tlog
\\mac\home\documents\fh\lehre\ws22-23\programmieren\beispiele\kap06\zeiger\debug\01-zeige.da1faa04.tlog\cl.read.1.tlog
\\mac\home\documents\fh\lehre\ws22-23\programmieren\beispiele\kap06\zeiger\debug\01-zeige.da1faa04.tlog\cl.command.1.tlog
\\mac\home\documents\fh\lehre\ws22-23\programmieren\beispiele\kap06\zeiger\debug\01-zeige.da1faa04.tlog\cl.write.1.tlog
